<?xml version="1.0" encoding="UTF-8"?>
<coverage generated="1677133547061" clover="3.2.0">
  <project timestamp="1677133547062" name="All files">
    <metrics statements="198" coveredstatements="128" conditionals="72" coveredconditionals="43" methods="89" coveredmethods="53" elements="359" coveredelements="224" complexity="0" loc="198" ncloc="198" packages="12" files="28" classes="28"/>
    <package name="components.Buttons">
      <metrics statements="15" coveredstatements="4" conditionals="4" coveredconditionals="0" methods="11" coveredmethods="0"/>
      <file name="buttons.jsx" path="/Users/cnc/Desktop/renmission/Collabera/shoppingCart_react_redux/src/components/Buttons/buttons.jsx">
        <metrics statements="8" coveredstatements="2" conditionals="4" coveredconditionals="0" methods="4" coveredmethods="0"/>
        <line num="12" count="0" type="stmt"/>
        <line num="21" count="0" type="stmt"/>
        <line num="37" count="0" type="cond" truecount="0" falsecount="2"/>
        <line num="38" count="0" type="stmt"/>
        <line num="40" count="0" type="stmt"/>
        <line num="56" count="0" type="stmt"/>
        <line num="69" count="2" type="stmt"/>
        <line num="91" count="2" type="stmt"/>
      </file>
      <file name="index.js" path="/Users/cnc/Desktop/renmission/Collabera/shoppingCart_react_redux/src/components/Buttons/index.js">
        <metrics statements="7" coveredstatements="2" conditionals="0" coveredconditionals="0" methods="7" coveredmethods="0"/>
        <line num="10" count="2" type="stmt"/>
        <line num="11" count="0" type="stmt"/>
        <line num="12" count="0" type="stmt"/>
        <line num="15" count="2" type="stmt"/>
        <line num="17" count="0" type="stmt"/>
        <line num="29" count="0" type="stmt"/>
        <line num="41" count="0" type="stmt"/>
      </file>
    </package>
    <package name="components.Product">
      <metrics statements="15" coveredstatements="6" conditionals="4" coveredconditionals="2" methods="11" coveredmethods="4"/>
      <file name="index.jsx" path="/Users/cnc/Desktop/renmission/Collabera/shoppingCart_react_redux/src/components/Product/index.jsx">
        <metrics statements="7" coveredstatements="3" conditionals="0" coveredconditionals="0" methods="7" coveredmethods="3"/>
        <line num="11" count="4" type="stmt"/>
        <line num="12" count="4" type="stmt"/>
        <line num="13" count="0" type="stmt"/>
        <line num="16" count="4" type="stmt"/>
        <line num="18" count="0" type="stmt"/>
        <line num="30" count="0" type="stmt"/>
        <line num="42" count="0" type="stmt"/>
      </file>
      <file name="products.jsx" path="/Users/cnc/Desktop/renmission/Collabera/shoppingCart_react_redux/src/components/Product/products.jsx">
        <metrics statements="8" coveredstatements="3" conditionals="4" coveredconditionals="2" methods="4" coveredmethods="1"/>
        <line num="18" count="22" type="stmt"/>
        <line num="56" count="0" type="stmt"/>
        <line num="72" count="0" type="cond" truecount="0" falsecount="2"/>
        <line num="73" count="0" type="stmt"/>
        <line num="75" count="0" type="stmt"/>
        <line num="91" count="0" type="stmt"/>
        <line num="107" count="2" type="stmt"/>
        <line num="129" count="2" type="stmt"/>
      </file>
    </package>
    <package name="components.Product.ProductDetails">
      <metrics statements="20" coveredstatements="2" conditionals="8" coveredconditionals="0" methods="8" coveredmethods="0"/>
      <file name="productDetail.jsx" path="/Users/cnc/Desktop/renmission/Collabera/shoppingCart_react_redux/src/components/Product/ProductDetails/productDetail.jsx">
        <metrics statements="20" coveredstatements="2" conditionals="8" coveredconditionals="0" methods="8" coveredmethods="0"/>
        <line num="18" count="0" type="stmt"/>
        <line num="19" count="0" type="stmt"/>
        <line num="20" count="0" type="stmt"/>
        <line num="22" count="0" type="stmt"/>
        <line num="23" count="0" type="stmt"/>
        <line num="24" count="0" type="stmt"/>
        <line num="25" count="0" type="stmt"/>
        <line num="27" count="0" type="stmt"/>
        <line num="33" count="0" type="stmt"/>
        <line num="34" count="0" type="cond" truecount="0" falsecount="4"/>
        <line num="35" count="0" type="stmt"/>
        <line num="36" count="0" type="stmt"/>
        <line num="40" count="0" type="stmt"/>
        <line num="78" count="0" type="stmt"/>
        <line num="94" count="0" type="cond" truecount="0" falsecount="2"/>
        <line num="95" count="0" type="stmt"/>
        <line num="97" count="0" type="stmt"/>
        <line num="113" count="0" type="stmt"/>
        <line num="129" count="1" type="stmt"/>
        <line num="151" count="1" type="stmt"/>
      </file>
    </package>
    <package name="components.Reviews">
      <metrics statements="3" coveredstatements="3" conditionals="0" coveredconditionals="0" methods="2" coveredmethods="2"/>
      <file name="index.jsx" path="/Users/cnc/Desktop/renmission/Collabera/shoppingCart_react_redux/src/components/Reviews/index.jsx">
        <metrics statements="3" coveredstatements="3" conditionals="0" coveredconditionals="0" methods="2" coveredmethods="2"/>
        <line num="7" count="22" type="stmt"/>
        <line num="13" count="110" type="stmt"/>
        <line num="34" count="2" type="stmt"/>
      </file>
    </package>
    <package name="pages.Dashboard">
      <metrics statements="17" coveredstatements="17" conditionals="8" coveredconditionals="7" methods="10" coveredmethods="10"/>
      <file name="home.jsx" path="/Users/cnc/Desktop/renmission/Collabera/shoppingCart_react_redux/src/pages/Dashboard/home.jsx">
        <metrics statements="11" coveredstatements="11" conditionals="4" coveredconditionals="4" methods="4" coveredmethods="4"/>
        <line num="6" count="17" type="stmt"/>
        <line num="7" count="5" type="stmt"/>
        <line num="10" count="17" type="stmt"/>
        <line num="11" count="5" type="stmt"/>
        <line num="14" count="17" type="cond" truecount="2" falsecount="0"/>
        <line num="15" count="5" type="stmt"/>
        <line num="18" count="12" type="cond" truecount="2" falsecount="0"/>
        <line num="19" count="3" type="stmt"/>
        <line num="22" count="9" type="stmt"/>
        <line num="25" count="4" type="stmt"/>
        <line num="31" count="1" type="stmt"/>
      </file>
      <file name="index.jsx" path="/Users/cnc/Desktop/renmission/Collabera/shoppingCart_react_redux/src/pages/Dashboard/index.jsx">
        <metrics statements="6" coveredstatements="6" conditionals="4" coveredconditionals="3" methods="6" coveredmethods="6"/>
        <line num="7" count="20" type="stmt"/>
        <line num="10" count="10" type="cond" truecount="2" falsecount="0"/>
        <line num="13" count="6" type="cond" truecount="1" falsecount="1"/>
        <line num="17" count="5" type="stmt"/>
        <line num="23" count="5" type="stmt"/>
        <line num="34" count="5" type="stmt"/>
      </file>
    </package>
    <package name="redux">
      <metrics statements="8" coveredstatements="8" conditionals="2" coveredconditionals="2" methods="1" coveredmethods="1"/>
      <file name="store.js" path="/Users/cnc/Desktop/renmission/Collabera/shoppingCart_react_redux/src/redux/store.js">
        <metrics statements="8" coveredstatements="8" conditionals="2" coveredconditionals="2" methods="1" coveredmethods="1"/>
        <line num="8" count="1" type="cond" truecount="2" falsecount="0"/>
        <line num="10" count="1" type="stmt"/>
        <line num="12" count="1" type="stmt"/>
        <line num="13" count="5" type="stmt"/>
        <line num="15" count="5" type="stmt"/>
        <line num="17" count="5" type="stmt"/>
        <line num="19" count="5" type="stmt"/>
        <line num="21" count="5" type="stmt"/>
      </file>
    </package>
    <package name="redux.actions">
      <metrics statements="8" coveredstatements="3" conditionals="0" coveredconditionals="0" methods="5" coveredmethods="0"/>
      <file name="productActions.js" path="/Users/cnc/Desktop/renmission/Collabera/shoppingCart_react_redux/src/redux/actions/productActions.js">
        <metrics statements="8" coveredstatements="3" conditionals="0" coveredconditionals="0" methods="5" coveredmethods="0"/>
        <line num="4" count="1" type="stmt"/>
        <line num="5" count="0" type="stmt"/>
        <line num="6" count="0" type="stmt"/>
        <line num="17" count="1" type="stmt"/>
        <line num="18" count="0" type="stmt"/>
        <line num="19" count="0" type="stmt"/>
        <line num="30" count="1" type="stmt"/>
        <line num="31" count="0" type="stmt"/>
      </file>
    </package>
    <package name="redux.constants">
      <metrics statements="1" coveredstatements="1" conditionals="0" coveredconditionals="0" methods="0" coveredmethods="0"/>
      <file name="action-types.js" path="/Users/cnc/Desktop/renmission/Collabera/shoppingCart_react_redux/src/redux/constants/action-types.js">
        <metrics statements="1" coveredstatements="1" conditionals="0" coveredconditionals="0" methods="0" coveredmethods="0"/>
        <line num="1" count="3" type="stmt"/>
      </file>
    </package>
    <package name="redux.middlewares">
      <metrics statements="14" coveredstatements="14" conditionals="4" coveredconditionals="4" methods="7" coveredmethods="7"/>
      <file name="errorMiddleware.js" path="/Users/cnc/Desktop/renmission/Collabera/shoppingCart_react_redux/src/redux/middlewares/errorMiddleware.js">
        <metrics statements="9" coveredstatements="9" conditionals="4" coveredconditionals="4" methods="4" coveredmethods="4"/>
        <line num="3" count="5" type="stmt"/>
        <line num="4" count="40" type="stmt"/>
        <line num="5" count="40" type="stmt"/>
        <line num="6" count="40" type="cond" truecount="2" falsecount="0"/>
        <line num="7" count="16" type="stmt"/>
        <line num="15" count="48" type="cond" truecount="2" falsecount="0"/>
        <line num="16" count="16" type="stmt"/>
        <line num="18" count="32" type="stmt"/>
        <line num="24" count="24" type="stmt"/>
      </file>
      <file name="loggerMiddleware.js" path="/Users/cnc/Desktop/renmission/Collabera/shoppingCart_react_redux/src/redux/middlewares/loggerMiddleware.js">
        <metrics statements="5" coveredstatements="5" conditionals="0" coveredconditionals="0" methods="3" coveredmethods="3"/>
        <line num="1" count="5" type="stmt"/>
        <line num="2" count="40" type="stmt"/>
        <line num="3" count="40" type="stmt"/>
        <line num="4" count="40" type="stmt"/>
        <line num="5" count="40" type="stmt"/>
      </file>
    </package>
    <package name="redux.reducers">
      <metrics statements="41" coveredstatements="34" conditionals="32" coveredconditionals="25" methods="10" coveredmethods="9"/>
      <file name="cartReducer.js" path="/Users/cnc/Desktop/renmission/Collabera/shoppingCart_react_redux/src/redux/reducers/cartReducer.js">
        <metrics statements="9" coveredstatements="9" conditionals="6" coveredconditionals="6" methods="3" coveredmethods="3"/>
        <line num="3" count="2" type="stmt"/>
        <line num="6" count="53" type="cond" truecount="5" falsecount="0"/>
        <line num="8" count="8" type="stmt"/>
        <line num="11" count="1" type="stmt"/>
        <line num="14" count="2" type="stmt"/>
        <line num="15" count="1" type="stmt"/>
        <line num="19" count="2" type="stmt"/>
        <line num="20" count="1" type="stmt"/>
        <line num="24" count="42" type="stmt"/>
      </file>
      <file name="errorReducer.js" path="/Users/cnc/Desktop/renmission/Collabera/shoppingCart_react_redux/src/redux/reducers/errorReducer.js">
        <metrics statements="8" coveredstatements="7" conditionals="7" coveredconditionals="5" methods="2" coveredmethods="1"/>
        <line num="1" count="1" type="stmt"/>
        <line num="4" count="47" type="stmt"/>
        <line num="6" count="47" type="cond" truecount="2" falsecount="0"/>
        <line num="8" count="26" type="stmt"/>
        <line num="9" count="26" type="cond" truecount="2" falsecount="0"/>
        <line num="10" count="16" type="stmt"/>
        <line num="19" count="10" type="stmt"/>
        <line num="20" count="0" type="cond" truecount="0" falsecount="2"/>
      </file>
      <file name="index.js" path="/Users/cnc/Desktop/renmission/Collabera/shoppingCart_react_redux/src/redux/reducers/index.js">
        <metrics statements="0" coveredstatements="0" conditionals="0" coveredconditionals="0" methods="0" coveredmethods="0"/>
      </file>
      <file name="loadingReducer.js" path="/Users/cnc/Desktop/renmission/Collabera/shoppingCart_react_redux/src/redux/reducers/loadingReducer.js">
        <metrics statements="8" coveredstatements="8" conditionals="7" coveredconditionals="7" methods="2" coveredmethods="2"/>
        <line num="1" count="2" type="stmt"/>
        <line num="4" count="50" type="stmt"/>
        <line num="6" count="50" type="cond" truecount="2" falsecount="0"/>
        <line num="8" count="42" type="stmt"/>
        <line num="9" count="42" type="cond" truecount="2" falsecount="0"/>
        <line num="10" count="11" type="stmt"/>
        <line num="19" count="31" type="stmt"/>
        <line num="20" count="16" type="cond" truecount="2" falsecount="0"/>
      </file>
      <file name="productsReducer.js" path="/Users/cnc/Desktop/renmission/Collabera/shoppingCart_react_redux/src/redux/reducers/productsReducer.js">
        <metrics statements="9" coveredstatements="7" conditionals="7" coveredconditionals="5" methods="2" coveredmethods="2"/>
        <line num="3" count="1" type="stmt"/>
        <line num="6" count="47" type="cond" truecount="2" falsecount="0"/>
        <line num="8" count="7" type="stmt"/>
        <line num="11" count="40" type="stmt"/>
        <line num="15" count="1" type="cond" truecount="1" falsecount="0"/>
        <line num="16" count="47" type="cond" truecount="1" falsecount="2"/>
        <line num="18" count="0" type="stmt"/>
        <line num="20" count="0" type="stmt"/>
        <line num="22" count="47" type="stmt"/>
      </file>
      <file name="userReducer.js" path="/Users/cnc/Desktop/renmission/Collabera/shoppingCart_react_redux/src/redux/reducers/userReducer.js">
        <metrics statements="7" coveredstatements="3" conditionals="5" coveredconditionals="2" methods="1" coveredmethods="1"/>
        <line num="3" count="1" type="stmt"/>
        <line num="9" count="47" type="cond" truecount="1" falsecount="3"/>
        <line num="12" count="0" type="stmt"/>
        <line num="13" count="0" type="stmt"/>
        <line num="17" count="0" type="stmt"/>
        <line num="18" count="0" type="stmt"/>
        <line num="22" count="47" type="stmt"/>
      </file>
    </package>
    <package name="redux.sagas">
      <metrics statements="24" coveredstatements="13" conditionals="2" coveredconditionals="0" methods="15" coveredmethods="13"/>
      <file name="authSaga.js" path="/Users/cnc/Desktop/renmission/Collabera/shoppingCart_react_redux/src/redux/sagas/authSaga.js">
        <metrics statements="15" coveredstatements="4" conditionals="2" coveredconditionals="0" methods="6" coveredmethods="4"/>
        <line num="7" count="0" type="stmt"/>
        <line num="8" count="0" type="stmt"/>
        <line num="13" count="0" type="stmt"/>
        <line num="19" count="0" type="stmt"/>
        <line num="28" count="0" type="stmt"/>
        <line num="29" count="0" type="stmt"/>
        <line num="31" count="0" type="cond" truecount="0" falsecount="2"/>
        <line num="32" count="0" type="stmt"/>
        <line num="35" count="0" type="stmt"/>
        <line num="40" count="0" type="stmt"/>
        <line num="46" count="0" type="stmt"/>
        <line num="55" count="5" type="stmt"/>
        <line num="59" count="5" type="stmt"/>
        <line num="63" count="5" type="stmt"/>
        <line num="67" count="5" type="stmt"/>
      </file>
      <file name="cartSaga.js" path="/Users/cnc/Desktop/renmission/Collabera/shoppingCart_react_redux/src/redux/sagas/cartSaga.js">
        <metrics statements="5" coveredstatements="5" conditionals="0" coveredconditionals="0" methods="5" coveredmethods="5"/>
        <line num="59" count="5" type="stmt"/>
        <line num="62" count="5" type="stmt"/>
        <line num="65" count="5" type="stmt"/>
        <line num="68" count="5" type="stmt"/>
        <line num="72" count="5" type="stmt"/>
      </file>
      <file name="productSaga.js" path="/Users/cnc/Desktop/renmission/Collabera/shoppingCart_react_redux/src/redux/sagas/productSaga.js">
        <metrics statements="3" coveredstatements="3" conditionals="0" coveredconditionals="0" methods="3" coveredmethods="3"/>
        <line num="20" count="5" type="stmt"/>
        <line num="24" count="5" type="stmt"/>
        <line num="28" count="5" type="stmt"/>
      </file>
      <file name="rootSaga.js" path="/Users/cnc/Desktop/renmission/Collabera/shoppingCart_react_redux/src/redux/sagas/rootSaga.js">
        <metrics statements="1" coveredstatements="1" conditionals="0" coveredconditionals="0" methods="1" coveredmethods="1"/>
        <line num="7" count="5" type="stmt"/>
      </file>
    </package>
    <package name="utils">
      <metrics statements="32" coveredstatements="23" conditionals="8" coveredconditionals="3" methods="9" coveredmethods="7"/>
      <file name="ApiRequest.js" path="/Users/cnc/Desktop/renmission/Collabera/shoppingCart_react_redux/src/utils/ApiRequest.js">
        <metrics statements="5" coveredstatements="0" conditionals="2" coveredconditionals="0" methods="1" coveredmethods="0"/>
        <line num="4" count="0" type="stmt"/>
        <line num="5" count="0" type="stmt"/>
        <line num="9" count="0" type="stmt"/>
        <line num="10" count="0" type="stmt"/>
        <line num="16" count="0" type="stmt"/>
      </file>
      <file name="apiGenerator.js" path="/Users/cnc/Desktop/renmission/Collabera/shoppingCart_react_redux/src/utils/apiGenerator.js">
        <metrics statements="7" coveredstatements="7" conditionals="2" coveredconditionals="1" methods="1" coveredmethods="1"/>
        <line num="5" count="30" type="stmt"/>
        <line num="6" count="30" type="stmt"/>
        <line num="7" count="30" type="stmt"/>
        <line num="8" count="30" type="stmt"/>
        <line num="9" count="14" type="stmt"/>
        <line num="15" count="16" type="stmt"/>
        <line num="16" count="16" type="stmt"/>
      </file>
      <file name="axiosInstance.jsx" path="/Users/cnc/Desktop/renmission/Collabera/shoppingCart_react_redux/src/utils/axiosInstance.jsx">
        <metrics statements="14" coveredstatements="10" conditionals="4" coveredconditionals="2" methods="4" coveredmethods="3"/>
        <line num="3" count="1" type="stmt"/>
        <line num="9" count="1" type="stmt"/>
        <line num="11" count="30" type="stmt"/>
        <line num="12" count="30" type="stmt"/>
        <line num="13" count="30" type="cond" truecount="1" falsecount="1"/>
        <line num="14" count="0" type="stmt"/>
        <line num="15" count="0" type="stmt"/>
        <line num="17" count="30" type="stmt"/>
        <line num="19" count="0" type="stmt"/>
        <line num="22" count="1" type="stmt"/>
        <line num="23" count="14" type="stmt"/>
        <line num="25" count="16" type="cond" truecount="1" falsecount="1"/>
        <line num="26" count="0" type="stmt"/>
        <line num="28" count="16" type="stmt"/>
      </file>
      <file name="currencyFormatter.js" path="/Users/cnc/Desktop/renmission/Collabera/shoppingCart_react_redux/src/utils/currencyFormatter.js">
        <metrics statements="2" coveredstatements="2" conditionals="0" coveredconditionals="0" methods="1" coveredmethods="1"/>
        <line num="1" count="2" type="stmt"/>
        <line num="2" count="22" type="stmt"/>
      </file>
      <file name="test-utils.jsx" path="/Users/cnc/Desktop/renmission/Collabera/shoppingCart_react_redux/src/utils/test-utils.jsx">
        <metrics statements="4" coveredstatements="4" conditionals="0" coveredconditionals="0" methods="2" coveredmethods="2"/>
        <line num="10" count="5" type="stmt"/>
        <line num="12" count="5" type="stmt"/>
        <line num="16" count="5" type="stmt"/>
        <line num="22" count="5" type="stmt"/>
      </file>
    </package>
  </project>
</coverage>
