{"/Users/cnc/Desktop/renmission/Collabera/shoppingCart_react_redux/src/components/Buttons/buttons.jsx": {"path":"/Users/cnc/Desktop/renmission/Collabera/shoppingCart_react_redux/src/components/Buttons/buttons.jsx","statementMap":{"0":{"start":{"line":12,"column":2},"end":{"line":66,"column":4}},"1":{"start":{"line":21,"column":14},"end":{"line":24,"column":16}},"2":{"start":{"line":37,"column":14},"end":{"line":44,"column":15}},"3":{"start":{"line":38,"column":16},"end":{"line":38,"column":41}},"4":{"start":{"line":40,"column":16},"end":{"line":43,"column":19}},"5":{"start":{"line":56,"column":12},"end":{"line":59,"column":14}},"6":{"start":{"line":69,"column":0},"end":{"line":89,"column":2}},"7":{"start":{"line":91,"column":0},"end":{"line":93,"column":2}}},"fnMap":{"0":{"name":"Buttons","decl":{"start":{"line":4,"column":9},"end":{"line":4,"column":16}},"loc":{"start":{"line":11,"column":3},"end":{"line":67,"column":1}},"line":11},"1":{"name":"(anonymous_1)","decl":{"start":{"line":20,"column":21},"end":{"line":20,"column":22}},"loc":{"start":{"line":21,"column":14},"end":{"line":24,"column":16}},"line":21},"2":{"name":"(anonymous_2)","decl":{"start":{"line":36,"column":21},"end":{"line":36,"column":22}},"loc":{"start":{"line":36,"column":27},"end":{"line":45,"column":13}},"line":36},"3":{"name":"(anonymous_3)","decl":{"start":{"line":55,"column":19},"end":{"line":55,"column":20}},"loc":{"start":{"line":56,"column":12},"end":{"line":59,"column":14}},"line":56}},"branchMap":{"0":{"loc":{"start":{"line":14,"column":7},"end":{"line":64,"column":7}},"type":"cond-expr","locations":[{"start":{"line":15,"column":8},"end":{"line":49,"column":14}},{"start":{"line":51,"column":8},"end":{"line":63,"column":17}}],"line":14},"1":{"loc":{"start":{"line":37,"column":14},"end":{"line":44,"column":15}},"type":"if","locations":[{"start":{"line":37,"column":14},"end":{"line":44,"column":15}},{"start":{"line":39,"column":21},"end":{"line":44,"column":15}}],"line":37}},"s":{"0":0,"1":0,"2":0,"3":0,"4":0,"5":0,"6":2,"7":2},"f":{"0":0,"1":0,"2":0,"3":0},"b":{"0":[0,0],"1":[0,0]},"_coverageSchema":"1a1c01bbd47fc00a2c39e90264f33305004495a9","hash":"02049dd0eca4880a39a0667aea2b990789abc79c"}
,"/Users/cnc/Desktop/renmission/Collabera/shoppingCart_react_redux/src/components/Buttons/index.js": {"path":"/Users/cnc/Desktop/renmission/Collabera/shoppingCart_react_redux/src/components/Buttons/index.js","statementMap":{"0":{"start":{"line":10,"column":24},"end":{"line":13,"column":2}},"1":{"start":{"line":10,"column":61},"end":{"line":13,"column":1}},"2":{"start":{"line":11,"column":27},"end":{"line":11,"column":53}},"3":{"start":{"line":12,"column":31},"end":{"line":12,"column":57}},"4":{"start":{"line":15,"column":27},"end":{"line":52,"column":2}},"5":{"start":{"line":15,"column":40},"end":{"line":52,"column":1}},"6":{"start":{"line":17,"column":4},"end":{"line":27,"column":6}},"7":{"start":{"line":29,"column":4},"end":{"line":39,"column":6}},"8":{"start":{"line":41,"column":4},"end":{"line":51,"column":6}}},"fnMap":{"0":{"name":"(anonymous_0)","decl":{"start":{"line":10,"column":24},"end":{"line":10,"column":25}},"loc":{"start":{"line":10,"column":61},"end":{"line":13,"column":1}},"line":10},"1":{"name":"(anonymous_1)","decl":{"start":{"line":11,"column":22},"end":{"line":11,"column":23}},"loc":{"start":{"line":11,"column":27},"end":{"line":11,"column":53}},"line":11},"2":{"name":"(anonymous_2)","decl":{"start":{"line":12,"column":26},"end":{"line":12,"column":27}},"loc":{"start":{"line":12,"column":31},"end":{"line":12,"column":57}},"line":12},"3":{"name":"(anonymous_3)","decl":{"start":{"line":15,"column":27},"end":{"line":15,"column":28}},"loc":{"start":{"line":15,"column":40},"end":{"line":52,"column":1}},"line":15},"4":{"name":"(anonymous_4)","decl":{"start":{"line":16,"column":13},"end":{"line":16,"column":14}},"loc":{"start":{"line":17,"column":4},"end":{"line":27,"column":6}},"line":17},"5":{"name":"(anonymous_5)","decl":{"start":{"line":28,"column":18},"end":{"line":28,"column":19}},"loc":{"start":{"line":29,"column":4},"end":{"line":39,"column":6}},"line":29},"6":{"name":"(anonymous_6)","decl":{"start":{"line":40,"column":18},"end":{"line":40,"column":19}},"loc":{"start":{"line":41,"column":4},"end":{"line":51,"column":6}},"line":41}},"branchMap":{},"s":{"0":2,"1":0,"2":0,"3":0,"4":2,"5":0,"6":0,"7":0,"8":0},"f":{"0":0,"1":0,"2":0,"3":0,"4":0,"5":0,"6":0},"b":{},"_coverageSchema":"1a1c01bbd47fc00a2c39e90264f33305004495a9","hash":"5ec0ec9971973bd85d389e360553d76582268d64"}
,"/Users/cnc/Desktop/renmission/Collabera/shoppingCart_react_redux/src/components/Product/index.jsx": {"path":"/Users/cnc/Desktop/renmission/Collabera/shoppingCart_react_redux/src/components/Product/index.jsx","statementMap":{"0":{"start":{"line":11,"column":24},"end":{"line":14,"column":2}},"1":{"start":{"line":11,"column":61},"end":{"line":14,"column":1}},"2":{"start":{"line":12,"column":27},"end":{"line":12,"column":53}},"3":{"start":{"line":13,"column":31},"end":{"line":13,"column":57}},"4":{"start":{"line":16,"column":27},"end":{"line":53,"column":2}},"5":{"start":{"line":16,"column":40},"end":{"line":53,"column":1}},"6":{"start":{"line":18,"column":4},"end":{"line":28,"column":6}},"7":{"start":{"line":30,"column":4},"end":{"line":40,"column":6}},"8":{"start":{"line":42,"column":4},"end":{"line":52,"column":6}}},"fnMap":{"0":{"name":"(anonymous_0)","decl":{"start":{"line":11,"column":24},"end":{"line":11,"column":25}},"loc":{"start":{"line":11,"column":61},"end":{"line":14,"column":1}},"line":11},"1":{"name":"(anonymous_1)","decl":{"start":{"line":12,"column":22},"end":{"line":12,"column":23}},"loc":{"start":{"line":12,"column":27},"end":{"line":12,"column":53}},"line":12},"2":{"name":"(anonymous_2)","decl":{"start":{"line":13,"column":26},"end":{"line":13,"column":27}},"loc":{"start":{"line":13,"column":31},"end":{"line":13,"column":57}},"line":13},"3":{"name":"(anonymous_3)","decl":{"start":{"line":16,"column":27},"end":{"line":16,"column":28}},"loc":{"start":{"line":16,"column":40},"end":{"line":53,"column":1}},"line":16},"4":{"name":"(anonymous_4)","decl":{"start":{"line":17,"column":13},"end":{"line":17,"column":14}},"loc":{"start":{"line":18,"column":4},"end":{"line":28,"column":6}},"line":18},"5":{"name":"(anonymous_5)","decl":{"start":{"line":29,"column":18},"end":{"line":29,"column":19}},"loc":{"start":{"line":30,"column":4},"end":{"line":40,"column":6}},"line":30},"6":{"name":"(anonymous_6)","decl":{"start":{"line":41,"column":18},"end":{"line":41,"column":19}},"loc":{"start":{"line":42,"column":4},"end":{"line":52,"column":6}},"line":42}},"branchMap":{},"s":{"0":1,"1":4,"2":4,"3":0,"4":1,"5":4,"6":0,"7":0,"8":0},"f":{"0":4,"1":4,"2":0,"3":4,"4":0,"5":0,"6":0},"b":{},"_coverageSchema":"1a1c01bbd47fc00a2c39e90264f33305004495a9","hash":"62f94710927b3084cbb5461c2c6822514dc027aa"}
,"/Users/cnc/Desktop/renmission/Collabera/shoppingCart_react_redux/src/components/Product/products.jsx": {"path":"/Users/cnc/Desktop/renmission/Collabera/shoppingCart_react_redux/src/components/Product/products.jsx","statementMap":{"0":{"start":{"line":18,"column":2},"end":{"line":104,"column":4}},"1":{"start":{"line":56,"column":18},"end":{"line":59,"column":20}},"2":{"start":{"line":72,"column":18},"end":{"line":79,"column":19}},"3":{"start":{"line":73,"column":20},"end":{"line":73,"column":45}},"4":{"start":{"line":75,"column":20},"end":{"line":78,"column":23}},"5":{"start":{"line":91,"column":16},"end":{"line":94,"column":18}},"6":{"start":{"line":107,"column":0},"end":{"line":127,"column":2}},"7":{"start":{"line":129,"column":0},"end":{"line":131,"column":2}}},"fnMap":{"0":{"name":"Product","decl":{"start":{"line":8,"column":9},"end":{"line":8,"column":16}},"loc":{"start":{"line":15,"column":3},"end":{"line":105,"column":1}},"line":15},"1":{"name":"(anonymous_1)","decl":{"start":{"line":55,"column":25},"end":{"line":55,"column":26}},"loc":{"start":{"line":56,"column":18},"end":{"line":59,"column":20}},"line":56},"2":{"name":"(anonymous_2)","decl":{"start":{"line":71,"column":25},"end":{"line":71,"column":26}},"loc":{"start":{"line":71,"column":31},"end":{"line":80,"column":17}},"line":71},"3":{"name":"(anonymous_3)","decl":{"start":{"line":90,"column":23},"end":{"line":90,"column":24}},"loc":{"start":{"line":91,"column":16},"end":{"line":94,"column":18}},"line":91}},"branchMap":{"0":{"loc":{"start":{"line":49,"column":11},"end":{"line":99,"column":11}},"type":"cond-expr","locations":[{"start":{"line":50,"column":12},"end":{"line":84,"column":18}},{"start":{"line":86,"column":12},"end":{"line":98,"column":21}}],"line":49},"1":{"loc":{"start":{"line":72,"column":18},"end":{"line":79,"column":19}},"type":"if","locations":[{"start":{"line":72,"column":18},"end":{"line":79,"column":19}},{"start":{"line":74,"column":25},"end":{"line":79,"column":19}}],"line":72}},"s":{"0":22,"1":0,"2":0,"3":0,"4":0,"5":0,"6":2,"7":2},"f":{"0":22,"1":0,"2":0,"3":0},"b":{"0":[4,18],"1":[0,0]},"_coverageSchema":"1a1c01bbd47fc00a2c39e90264f33305004495a9","hash":"9c2d8aeff2fb28e727b1ccf35476970b9ca28861"}
,"/Users/cnc/Desktop/renmission/Collabera/shoppingCart_react_redux/src/components/Product/ProductDetails/productDetail.jsx": {"path":"/Users/cnc/Desktop/renmission/Collabera/shoppingCart_react_redux/src/components/Product/ProductDetails/productDetail.jsx","statementMap":{"0":{"start":{"line":18,"column":22},"end":{"line":18,"column":57}},"1":{"start":{"line":18,"column":43},"end":{"line":18,"column":56}},"2":{"start":{"line":19,"column":24},"end":{"line":19,"column":35}},"3":{"start":{"line":20,"column":19},"end":{"line":20,"column":32}},"4":{"start":{"line":22,"column":30},"end":{"line":29,"column":3}},"5":{"start":{"line":23,"column":4},"end":{"line":28,"column":5}},"6":{"start":{"line":24,"column":18},"end":{"line":24,"column":70}},"7":{"start":{"line":25,"column":6},"end":{"line":25,"column":42}},"8":{"start":{"line":27,"column":6},"end":{"line":27,"column":35}},"9":{"start":{"line":33,"column":2},"end":{"line":38,"column":18}},"10":{"start":{"line":34,"column":4},"end":{"line":34,"column":61}},"11":{"start":{"line":34,"column":39},"end":{"line":34,"column":61}},"12":{"start":{"line":35,"column":4},"end":{"line":37,"column":6}},"13":{"start":{"line":36,"column":6},"end":{"line":36,"column":40}},"14":{"start":{"line":40,"column":2},"end":{"line":126,"column":4}},"15":{"start":{"line":78,"column":18},"end":{"line":81,"column":20}},"16":{"start":{"line":94,"column":18},"end":{"line":101,"column":19}},"17":{"start":{"line":95,"column":20},"end":{"line":95,"column":45}},"18":{"start":{"line":97,"column":20},"end":{"line":100,"column":23}},"19":{"start":{"line":113,"column":16},"end":{"line":116,"column":18}},"20":{"start":{"line":129,"column":0},"end":{"line":149,"column":2}},"21":{"start":{"line":151,"column":0},"end":{"line":153,"column":2}}},"fnMap":{"0":{"name":"ProductDetail","decl":{"start":{"line":11,"column":9},"end":{"line":11,"column":22}},"loc":{"start":{"line":17,"column":3},"end":{"line":127,"column":1}},"line":17},"1":{"name":"(anonymous_1)","decl":{"start":{"line":18,"column":34},"end":{"line":18,"column":35}},"loc":{"start":{"line":18,"column":43},"end":{"line":18,"column":56}},"line":18},"2":{"name":"(anonymous_2)","decl":{"start":{"line":22,"column":30},"end":{"line":22,"column":31}},"loc":{"start":{"line":22,"column":42},"end":{"line":29,"column":3}},"line":22},"3":{"name":"(anonymous_3)","decl":{"start":{"line":33,"column":12},"end":{"line":33,"column":13}},"loc":{"start":{"line":33,"column":18},"end":{"line":38,"column":3}},"line":33},"4":{"name":"(anonymous_4)","decl":{"start":{"line":35,"column":11},"end":{"line":35,"column":12}},"loc":{"start":{"line":35,"column":17},"end":{"line":37,"column":5}},"line":35},"5":{"name":"(anonymous_5)","decl":{"start":{"line":77,"column":25},"end":{"line":77,"column":26}},"loc":{"start":{"line":78,"column":18},"end":{"line":81,"column":20}},"line":78},"6":{"name":"(anonymous_6)","decl":{"start":{"line":93,"column":25},"end":{"line":93,"column":26}},"loc":{"start":{"line":93,"column":31},"end":{"line":102,"column":17}},"line":93},"7":{"name":"(anonymous_7)","decl":{"start":{"line":112,"column":23},"end":{"line":112,"column":24}},"loc":{"start":{"line":113,"column":16},"end":{"line":116,"column":18}},"line":113}},"branchMap":{"0":{"loc":{"start":{"line":34,"column":4},"end":{"line":34,"column":61}},"type":"if","locations":[{"start":{"line":34,"column":4},"end":{"line":34,"column":61}},{"start":{},"end":{}}],"line":34},"1":{"loc":{"start":{"line":34,"column":8},"end":{"line":34,"column":37}},"type":"binary-expr","locations":[{"start":{"line":34,"column":8},"end":{"line":34,"column":17}},{"start":{"line":34,"column":21},"end":{"line":34,"column":37}}],"line":34},"2":{"loc":{"start":{"line":71,"column":11},"end":{"line":121,"column":11}},"type":"cond-expr","locations":[{"start":{"line":72,"column":12},"end":{"line":106,"column":18}},{"start":{"line":108,"column":12},"end":{"line":120,"column":21}}],"line":71},"3":{"loc":{"start":{"line":94,"column":18},"end":{"line":101,"column":19}},"type":"if","locations":[{"start":{"line":94,"column":18},"end":{"line":101,"column":19}},{"start":{"line":96,"column":25},"end":{"line":101,"column":19}}],"line":94}},"s":{"0":0,"1":0,"2":0,"3":0,"4":0,"5":0,"6":0,"7":0,"8":0,"9":0,"10":0,"11":0,"12":0,"13":0,"14":0,"15":0,"16":0,"17":0,"18":0,"19":0,"20":1,"21":1},"f":{"0":0,"1":0,"2":0,"3":0,"4":0,"5":0,"6":0,"7":0},"b":{"0":[0,0],"1":[0,0],"2":[0,0],"3":[0,0]},"_coverageSchema":"1a1c01bbd47fc00a2c39e90264f33305004495a9","hash":"3fe6ce0692aa4e5f1554556e1cedfb04d3b1864d"}
,"/Users/cnc/Desktop/renmission/Collabera/shoppingCart_react_redux/src/components/Reviews/index.jsx": {"path":"/Users/cnc/Desktop/renmission/Collabera/shoppingCart_react_redux/src/components/Reviews/index.jsx","statementMap":{"0":{"start":{"line":7,"column":2},"end":{"line":31,"column":4}},"1":{"start":{"line":13,"column":12},"end":{"line":19,"column":14}},"2":{"start":{"line":34,"column":0},"end":{"line":37,"column":2}}},"fnMap":{"0":{"name":"Reviews","decl":{"start":{"line":6,"column":9},"end":{"line":6,"column":16}},"loc":{"start":{"line":6,"column":34},"end":{"line":32,"column":1}},"line":6},"1":{"name":"(anonymous_1)","decl":{"start":{"line":12,"column":31},"end":{"line":12,"column":32}},"loc":{"start":{"line":13,"column":12},"end":{"line":19,"column":14}},"line":13}},"branchMap":{},"s":{"0":22,"1":110,"2":2},"f":{"0":22,"1":110},"b":{},"_coverageSchema":"1a1c01bbd47fc00a2c39e90264f33305004495a9","hash":"1fdec024be6e8c9ba0c952ac5ea1d8695e52bb2b"}
,"/Users/cnc/Desktop/renmission/Collabera/shoppingCart_react_redux/src/pages/Dashboard/home.jsx": {"path":"/Users/cnc/Desktop/renmission/Collabera/shoppingCart_react_redux/src/pages/Dashboard/home.jsx","statementMap":{"0":{"start":{"line":6,"column":19},"end":{"line":8,"column":30}},"1":{"start":{"line":7,"column":4},"end":{"line":7,"column":52}},"2":{"start":{"line":10,"column":2},"end":{"line":12,"column":17}},"3":{"start":{"line":11,"column":4},"end":{"line":11,"column":15}},"4":{"start":{"line":14,"column":2},"end":{"line":16,"column":3}},"5":{"start":{"line":15,"column":4},"end":{"line":15,"column":53}},"6":{"start":{"line":18,"column":2},"end":{"line":20,"column":3}},"7":{"start":{"line":19,"column":4},"end":{"line":19,"column":64}},"8":{"start":{"line":22,"column":2},"end":{"line":28,"column":4}},"9":{"start":{"line":25,"column":8},"end":{"line":25,"column":54}},"10":{"start":{"line":31,"column":0},"end":{"line":50,"column":2}}},"fnMap":{"0":{"name":"Home","decl":{"start":{"line":5,"column":9},"end":{"line":5,"column":13}},"loc":{"start":{"line":5,"column":71},"end":{"line":29,"column":1}},"line":5},"1":{"name":"(anonymous_1)","decl":{"start":{"line":6,"column":31},"end":{"line":6,"column":32}},"loc":{"start":{"line":6,"column":43},"end":{"line":8,"column":3}},"line":6},"2":{"name":"(anonymous_2)","decl":{"start":{"line":10,"column":12},"end":{"line":10,"column":13}},"loc":{"start":{"line":10,"column":18},"end":{"line":12,"column":3}},"line":10},"3":{"name":"(anonymous_3)","decl":{"start":{"line":24,"column":20},"end":{"line":24,"column":21}},"loc":{"start":{"line":25,"column":8},"end":{"line":25,"column":54}},"line":25}},"branchMap":{"0":{"loc":{"start":{"line":14,"column":2},"end":{"line":16,"column":3}},"type":"if","locations":[{"start":{"line":14,"column":2},"end":{"line":16,"column":3}},{"start":{},"end":{}}],"line":14},"1":{"loc":{"start":{"line":18,"column":2},"end":{"line":20,"column":3}},"type":"if","locations":[{"start":{"line":18,"column":2},"end":{"line":20,"column":3}},{"start":{},"end":{}}],"line":18}},"s":{"0":17,"1":5,"2":17,"3":5,"4":17,"5":5,"6":12,"7":3,"8":9,"9":4,"10":1},"f":{"0":17,"1":5,"2":5,"3":4},"b":{"0":[5,12],"1":[3,9]},"_coverageSchema":"1a1c01bbd47fc00a2c39e90264f33305004495a9","hash":"432ce3883bdda04755689a824eab6e510a727f06"}
,"/Users/cnc/Desktop/renmission/Collabera/shoppingCart_react_redux/src/pages/Dashboard/index.jsx": {"path":"/Users/cnc/Desktop/renmission/Collabera/shoppingCart_react_redux/src/pages/Dashboard/index.jsx","statementMap":{"0":{"start":{"line":7,"column":24},"end":{"line":15,"column":2}},"1":{"start":{"line":7,"column":60},"end":{"line":15,"column":1}},"2":{"start":{"line":10,"column":9},"end":{"line":10,"column":65}},"3":{"start":{"line":13,"column":9},"end":{"line":13,"column":65}},"4":{"start":{"line":17,"column":27},"end":{"line":44,"column":2}},"5":{"start":{"line":17,"column":40},"end":{"line":44,"column":1}},"6":{"start":{"line":23,"column":4},"end":{"line":32,"column":6}},"7":{"start":{"line":34,"column":4},"end":{"line":43,"column":6}}},"fnMap":{"0":{"name":"(anonymous_0)","decl":{"start":{"line":7,"column":24},"end":{"line":7,"column":25}},"loc":{"start":{"line":7,"column":60},"end":{"line":15,"column":1}},"line":7},"1":{"name":"(anonymous_1)","decl":{"start":{"line":10,"column":4},"end":{"line":10,"column":5}},"loc":{"start":{"line":10,"column":9},"end":{"line":10,"column":65}},"line":10},"2":{"name":"(anonymous_2)","decl":{"start":{"line":13,"column":4},"end":{"line":13,"column":5}},"loc":{"start":{"line":13,"column":9},"end":{"line":13,"column":65}},"line":13},"3":{"name":"(anonymous_3)","decl":{"start":{"line":17,"column":27},"end":{"line":17,"column":28}},"loc":{"start":{"line":17,"column":40},"end":{"line":44,"column":1}},"line":17},"4":{"name":"(anonymous_4)","decl":{"start":{"line":22,"column":16},"end":{"line":22,"column":17}},"loc":{"start":{"line":23,"column":4},"end":{"line":32,"column":6}},"line":23},"5":{"name":"(anonymous_5)","decl":{"start":{"line":33,"column":12},"end":{"line":33,"column":13}},"loc":{"start":{"line":34,"column":4},"end":{"line":43,"column":6}},"line":34}},"branchMap":{"0":{"loc":{"start":{"line":10,"column":9},"end":{"line":10,"column":65}},"type":"binary-expr","locations":[{"start":{"line":10,"column":9},"end":{"line":10,"column":37}},{"start":{"line":10,"column":41},"end":{"line":10,"column":65}}],"line":10},"1":{"loc":{"start":{"line":13,"column":9},"end":{"line":13,"column":65}},"type":"binary-expr","locations":[{"start":{"line":13,"column":9},"end":{"line":13,"column":37}},{"start":{"line":13,"column":41},"end":{"line":13,"column":65}}],"line":13}},"s":{"0":1,"1":20,"2":10,"3":6,"4":1,"5":5,"6":5,"7":5},"f":{"0":20,"1":10,"2":6,"3":5,"4":5,"5":5},"b":{"0":[10,5],"1":[6,0]},"_coverageSchema":"1a1c01bbd47fc00a2c39e90264f33305004495a9","hash":"13298025ea0f54e2a80668448c40e238a39d1518"}
,"/Users/cnc/Desktop/renmission/Collabera/shoppingCart_react_redux/src/redux/store.js": {"path":"/Users/cnc/Desktop/renmission/Collabera/shoppingCart_react_redux/src/redux/store.js","statementMap":{"0":{"start":{"line":8,"column":25},"end":{"line":8,"column":79}},"1":{"start":{"line":10,"column":23},"end":{"line":10,"column":45}},"2":{"start":{"line":12,"column":23},"end":{"line":22,"column":1}},"3":{"start":{"line":13,"column":21},"end":{"line":13,"column":52}},"4":{"start":{"line":15,"column":19},"end":{"line":15,"column":67}},"5":{"start":{"line":17,"column":16},"end":{"line":17,"column":50}},"6":{"start":{"line":19,"column":2},"end":{"line":19,"column":31}},"7":{"start":{"line":21,"column":2},"end":{"line":21,"column":15}}},"fnMap":{"0":{"name":"(anonymous_0)","decl":{"start":{"line":12,"column":23},"end":{"line":12,"column":24}},"loc":{"start":{"line":12,"column":29},"end":{"line":22,"column":1}},"line":12}},"branchMap":{"0":{"loc":{"start":{"line":8,"column":25},"end":{"line":8,"column":79}},"type":"binary-expr","locations":[{"start":{"line":8,"column":25},"end":{"line":8,"column":68}},{"start":{"line":8,"column":72},"end":{"line":8,"column":79}}],"line":8}},"s":{"0":1,"1":1,"2":1,"3":5,"4":5,"5":5,"6":5,"7":5},"f":{"0":5},"b":{"0":[1,1]},"_coverageSchema":"1a1c01bbd47fc00a2c39e90264f33305004495a9","hash":"9247b1272c83889651c112895c9de76e70b88445"}
,"/Users/cnc/Desktop/renmission/Collabera/shoppingCart_react_redux/src/redux/actions/productActions.js": {"path":"/Users/cnc/Desktop/renmission/Collabera/shoppingCart_react_redux/src/redux/actions/productActions.js","statementMap":{"0":{"start":{"line":4,"column":28},"end":{"line":15,"column":1}},"1":{"start":{"line":4,"column":34},"end":{"line":15,"column":1}},"2":{"start":{"line":5,"column":15},"end":{"line":5,"column":40}},"3":{"start":{"line":6,"column":2},"end":{"line":14,"column":5}},"4":{"start":{"line":17,"column":31},"end":{"line":28,"column":1}},"5":{"start":{"line":17,"column":37},"end":{"line":28,"column":1}},"6":{"start":{"line":18,"column":15},"end":{"line":18,"column":42}},"7":{"start":{"line":19,"column":2},"end":{"line":27,"column":5}},"8":{"start":{"line":30,"column":37},"end":{"line":34,"column":1}},"9":{"start":{"line":31,"column":2},"end":{"line":33,"column":3}}},"fnMap":{"0":{"name":"(anonymous_0)","decl":{"start":{"line":4,"column":28},"end":{"line":4,"column":29}},"loc":{"start":{"line":4,"column":34},"end":{"line":15,"column":1}},"line":4},"1":{"name":"(anonymous_1)","decl":{"start":{"line":4,"column":34},"end":{"line":4,"column":35}},"loc":{"start":{"line":4,"column":52},"end":{"line":15,"column":1}},"line":4},"2":{"name":"(anonymous_2)","decl":{"start":{"line":17,"column":31},"end":{"line":17,"column":32}},"loc":{"start":{"line":17,"column":37},"end":{"line":28,"column":1}},"line":17},"3":{"name":"(anonymous_3)","decl":{"start":{"line":17,"column":37},"end":{"line":17,"column":38}},"loc":{"start":{"line":17,"column":55},"end":{"line":28,"column":1}},"line":17},"4":{"name":"(anonymous_4)","decl":{"start":{"line":30,"column":37},"end":{"line":30,"column":38}},"loc":{"start":{"line":30,"column":44},"end":{"line":34,"column":1}},"line":30}},"branchMap":{},"s":{"0":1,"1":0,"2":0,"3":0,"4":1,"5":0,"6":0,"7":0,"8":1,"9":0},"f":{"0":0,"1":0,"2":0,"3":0,"4":0},"b":{},"_coverageSchema":"1a1c01bbd47fc00a2c39e90264f33305004495a9","hash":"80ee6aa7acbed9b7dac702f44f0e44cd5df19e13"}
,"/Users/cnc/Desktop/renmission/Collabera/shoppingCart_react_redux/src/redux/constants/action-types.js": {"path":"/Users/cnc/Desktop/renmission/Collabera/shoppingCart_react_redux/src/redux/constants/action-types.js","statementMap":{"0":{"start":{"line":1,"column":20},"end":{"line":56,"column":1}}},"fnMap":{},"branchMap":{},"s":{"0":3},"f":{},"b":{},"_coverageSchema":"1a1c01bbd47fc00a2c39e90264f33305004495a9","hash":"6850d706d7f29436574f16a59ec09ba655a24f83"}
,"/Users/cnc/Desktop/renmission/Collabera/shoppingCart_react_redux/src/redux/middlewares/errorMiddleware.js": {"path":"/Users/cnc/Desktop/renmission/Collabera/shoppingCart_react_redux/src/redux/middlewares/errorMiddleware.js","statementMap":{"0":{"start":{"line":3,"column":14},"end":{"line":26,"column":1}},"1":{"start":{"line":3,"column":20},"end":{"line":26,"column":1}},"2":{"start":{"line":3,"column":28},"end":{"line":26,"column":1}},"3":{"start":{"line":4,"column":34},"end":{"line":4,"column":40}},"4":{"start":{"line":5,"column":16},"end":{"line":5,"column":40}},"5":{"start":{"line":6,"column":2},"end":{"line":25,"column":3}},"6":{"start":{"line":7,"column":4},"end":{"line":22,"column":7}},"7":{"start":{"line":15,"column":12},"end":{"line":17,"column":13}},"8":{"start":{"line":16,"column":14},"end":{"line":16,"column":78}},"9":{"start":{"line":18,"column":12},"end":{"line":18,"column":41}},"10":{"start":{"line":24,"column":4},"end":{"line":24,"column":17}}},"fnMap":{"0":{"name":"(anonymous_0)","decl":{"start":{"line":3,"column":14},"end":{"line":3,"column":15}},"loc":{"start":{"line":3,"column":20},"end":{"line":26,"column":1}},"line":3},"1":{"name":"(anonymous_1)","decl":{"start":{"line":3,"column":20},"end":{"line":3,"column":21}},"loc":{"start":{"line":3,"column":28},"end":{"line":26,"column":1}},"line":3},"2":{"name":"(anonymous_2)","decl":{"start":{"line":3,"column":28},"end":{"line":3,"column":29}},"loc":{"start":{"line":3,"column":44},"end":{"line":26,"column":1}},"line":3},"3":{"name":"(anonymous_3)","decl":{"start":{"line":14,"column":15},"end":{"line":14,"column":16}},"loc":{"start":{"line":14,"column":25},"end":{"line":19,"column":11}},"line":14}},"branchMap":{"0":{"loc":{"start":{"line":6,"column":2},"end":{"line":25,"column":3}},"type":"if","locations":[{"start":{"line":6,"column":2},"end":{"line":25,"column":3}},{"start":{"line":23,"column":9},"end":{"line":25,"column":3}}],"line":6},"1":{"loc":{"start":{"line":15,"column":12},"end":{"line":17,"column":13}},"type":"if","locations":[{"start":{"line":15,"column":12},"end":{"line":17,"column":13}},{"start":{},"end":{}}],"line":15}},"s":{"0":1,"1":5,"2":5,"3":40,"4":40,"5":40,"6":16,"7":48,"8":16,"9":32,"10":24},"f":{"0":5,"1":5,"2":40,"3":48},"b":{"0":[16,24],"1":[16,32]},"_coverageSchema":"1a1c01bbd47fc00a2c39e90264f33305004495a9","hash":"3bb8d5257b64ad5044abaaf45fdd880770b07667"}
,"/Users/cnc/Desktop/renmission/Collabera/shoppingCart_react_redux/src/redux/middlewares/loggerMiddleware.js": {"path":"/Users/cnc/Desktop/renmission/Collabera/shoppingCart_react_redux/src/redux/middlewares/loggerMiddleware.js","statementMap":{"0":{"start":{"line":1,"column":15},"end":{"line":6,"column":1}},"1":{"start":{"line":1,"column":24},"end":{"line":6,"column":1}},"2":{"start":{"line":1,"column":32},"end":{"line":6,"column":1}},"3":{"start":{"line":2,"column":4},"end":{"line":2,"column":37}},"4":{"start":{"line":3,"column":4},"end":{"line":3,"column":43}},"5":{"start":{"line":4,"column":4},"end":{"line":4,"column":41}},"6":{"start":{"line":5,"column":4},"end":{"line":5,"column":17}}},"fnMap":{"0":{"name":"(anonymous_0)","decl":{"start":{"line":1,"column":15},"end":{"line":1,"column":16}},"loc":{"start":{"line":1,"column":24},"end":{"line":6,"column":1}},"line":1},"1":{"name":"(anonymous_1)","decl":{"start":{"line":1,"column":24},"end":{"line":1,"column":25}},"loc":{"start":{"line":1,"column":32},"end":{"line":6,"column":1}},"line":1},"2":{"name":"(anonymous_2)","decl":{"start":{"line":1,"column":32},"end":{"line":1,"column":33}},"loc":{"start":{"line":1,"column":42},"end":{"line":6,"column":1}},"line":1}},"branchMap":{},"s":{"0":1,"1":5,"2":5,"3":40,"4":40,"5":40,"6":40},"f":{"0":5,"1":5,"2":40},"b":{},"_coverageSchema":"1a1c01bbd47fc00a2c39e90264f33305004495a9","hash":"02e9d81372a41d7dfa785e2fb8fba4d3bd36c50c"}
,"/Users/cnc/Desktop/renmission/Collabera/shoppingCart_react_redux/src/redux/reducers/cartReducer.js": {"path":"/Users/cnc/Desktop/renmission/Collabera/shoppingCart_react_redux/src/redux/reducers/cartReducer.js","statementMap":{"0":{"start":{"line":3,"column":32},"end":{"line":3,"column":34}},"1":{"start":{"line":6,"column":2},"end":{"line":25,"column":3}},"2":{"start":{"line":8,"column":6},"end":{"line":8,"column":21}},"3":{"start":{"line":11,"column":6},"end":{"line":11,"column":33}},"4":{"start":{"line":14,"column":20},"end":{"line":14,"column":61}},"5":{"start":{"line":14,"column":41},"end":{"line":14,"column":60}},"6":{"start":{"line":15,"column":6},"end":{"line":15,"column":76}},"7":{"start":{"line":19,"column":20},"end":{"line":19,"column":61}},"8":{"start":{"line":19,"column":41},"end":{"line":19,"column":60}},"9":{"start":{"line":20,"column":6},"end":{"line":20,"column":67}},"10":{"start":{"line":24,"column":6},"end":{"line":24,"column":19}}},"fnMap":{"0":{"name":"(anonymous_0)","decl":{"start":{"line":5,"column":15},"end":{"line":5,"column":16}},"loc":{"start":{"line":5,"column":64},"end":{"line":26,"column":1}},"line":5},"1":{"name":"(anonymous_1)","decl":{"start":{"line":14,"column":36},"end":{"line":14,"column":37}},"loc":{"start":{"line":14,"column":41},"end":{"line":14,"column":60}},"line":14},"2":{"name":"(anonymous_2)","decl":{"start":{"line":19,"column":36},"end":{"line":19,"column":37}},"loc":{"start":{"line":19,"column":41},"end":{"line":19,"column":60}},"line":19}},"branchMap":{"0":{"loc":{"start":{"line":5,"column":16},"end":{"line":5,"column":40}},"type":"default-arg","locations":[{"start":{"line":5,"column":24},"end":{"line":5,"column":40}}],"line":5},"1":{"loc":{"start":{"line":6,"column":2},"end":{"line":25,"column":3}},"type":"switch","locations":[{"start":{"line":7,"column":4},"end":{"line":8,"column":21}},{"start":{"line":10,"column":4},"end":{"line":11,"column":33}},{"start":{"line":13,"column":4},"end":{"line":16,"column":5}},{"start":{"line":18,"column":4},"end":{"line":21,"column":5}},{"start":{"line":23,"column":4},"end":{"line":24,"column":19}}],"line":6}},"s":{"0":2,"1":53,"2":8,"3":1,"4":1,"5":2,"6":1,"7":1,"8":2,"9":1,"10":42},"f":{"0":53,"1":2,"2":2},"b":{"0":[8],"1":[8,1,1,1,42]},"_coverageSchema":"1a1c01bbd47fc00a2c39e90264f33305004495a9","hash":"90dcb193a30597c31d864be2f7a71e19665124e4"}
,"/Users/cnc/Desktop/renmission/Collabera/shoppingCart_react_redux/src/redux/reducers/errorReducer.js": {"path":"/Users/cnc/Desktop/renmission/Collabera/shoppingCart_react_redux/src/redux/reducers/errorReducer.js","statementMap":{"0":{"start":{"line":1,"column":33},"end":{"line":1,"column":35}},"1":{"start":{"line":4,"column":16},"end":{"line":4,"column":48}},"2":{"start":{"line":6,"column":2},"end":{"line":6,"column":27}},"3":{"start":{"line":6,"column":14},"end":{"line":6,"column":27}},"4":{"start":{"line":8,"column":37},"end":{"line":8,"column":42}},"5":{"start":{"line":9,"column":2},"end":{"line":18,"column":3}},"6":{"start":{"line":10,"column":4},"end":{"line":17,"column":6}},"7":{"start":{"line":19,"column":2},"end":{"line":21,"column":4}},"8":{"start":{"line":20,"column":9},"end":{"line":20,"column":69}}},"fnMap":{"0":{"name":"(anonymous_0)","decl":{"start":{"line":3,"column":15},"end":{"line":3,"column":16}},"loc":{"start":{"line":3,"column":71},"end":{"line":22,"column":1}},"line":3},"1":{"name":"(anonymous_1)","decl":{"start":{"line":20,"column":4},"end":{"line":20,"column":5}},"loc":{"start":{"line":20,"column":9},"end":{"line":20,"column":69}},"line":20}},"branchMap":{"0":{"loc":{"start":{"line":3,"column":16},"end":{"line":3,"column":41}},"type":"default-arg","locations":[{"start":{"line":3,"column":24},"end":{"line":3,"column":41}}],"line":3},"1":{"loc":{"start":{"line":6,"column":2},"end":{"line":6,"column":27}},"type":"if","locations":[{"start":{"line":6,"column":2},"end":{"line":6,"column":27}},{"start":{},"end":{}}],"line":6},"2":{"loc":{"start":{"line":9,"column":2},"end":{"line":18,"column":3}},"type":"if","locations":[{"start":{"line":9,"column":2},"end":{"line":18,"column":3}},{"start":{},"end":{}}],"line":9},"3":{"loc":{"start":{"line":20,"column":11},"end":{"line":20,"column":68}},"type":"binary-expr","locations":[{"start":{"line":20,"column":11},"end":{"line":20,"column":34}},{"start":{"line":20,"column":38},"end":{"line":20,"column":68}}],"line":20}},"s":{"0":1,"1":47,"2":47,"3":21,"4":26,"5":26,"6":16,"7":10,"8":0},"f":{"0":47,"1":0},"b":{"0":[7],"1":[21,26],"2":[16,10],"3":[0,0]},"_coverageSchema":"1a1c01bbd47fc00a2c39e90264f33305004495a9","hash":"c1cdc2c40e7efc79e6d1ef40e4b652bdc7424b8a"}
,"/Users/cnc/Desktop/renmission/Collabera/shoppingCart_react_redux/src/redux/reducers/index.js": {"path":"/Users/cnc/Desktop/renmission/Collabera/shoppingCart_react_redux/src/redux/reducers/index.js","statementMap":{},"fnMap":{},"branchMap":{},"s":{},"f":{},"b":{},"_coverageSchema":"1a1c01bbd47fc00a2c39e90264f33305004495a9","hash":"81ab276982f141a50b91a0a6e93ae239fe4e5678"}
,"/Users/cnc/Desktop/renmission/Collabera/shoppingCart_react_redux/src/redux/reducers/loadingReducer.js": {"path":"/Users/cnc/Desktop/renmission/Collabera/shoppingCart_react_redux/src/redux/reducers/loadingReducer.js","statementMap":{"0":{"start":{"line":1,"column":35},"end":{"line":1,"column":37}},"1":{"start":{"line":4,"column":16},"end":{"line":4,"column":56}},"2":{"start":{"line":6,"column":2},"end":{"line":6,"column":27}},"3":{"start":{"line":6,"column":14},"end":{"line":6,"column":27}},"4":{"start":{"line":8,"column":37},"end":{"line":8,"column":42}},"5":{"start":{"line":9,"column":2},"end":{"line":17,"column":3}},"6":{"start":{"line":10,"column":4},"end":{"line":16,"column":6}},"7":{"start":{"line":19,"column":2},"end":{"line":21,"column":4}},"8":{"start":{"line":20,"column":9},"end":{"line":20,"column":69}}},"fnMap":{"0":{"name":"(anonymous_0)","decl":{"start":{"line":3,"column":15},"end":{"line":3,"column":16}},"loc":{"start":{"line":3,"column":64},"end":{"line":22,"column":1}},"line":3},"1":{"name":"(anonymous_1)","decl":{"start":{"line":20,"column":4},"end":{"line":20,"column":5}},"loc":{"start":{"line":20,"column":9},"end":{"line":20,"column":69}},"line":20}},"branchMap":{"0":{"loc":{"start":{"line":3,"column":16},"end":{"line":3,"column":43}},"type":"default-arg","locations":[{"start":{"line":3,"column":24},"end":{"line":3,"column":43}}],"line":3},"1":{"loc":{"start":{"line":6,"column":2},"end":{"line":6,"column":27}},"type":"if","locations":[{"start":{"line":6,"column":2},"end":{"line":6,"column":27}},{"start":{},"end":{}}],"line":6},"2":{"loc":{"start":{"line":9,"column":2},"end":{"line":17,"column":3}},"type":"if","locations":[{"start":{"line":9,"column":2},"end":{"line":17,"column":3}},{"start":{},"end":{}}],"line":9},"3":{"loc":{"start":{"line":20,"column":11},"end":{"line":20,"column":68}},"type":"binary-expr","locations":[{"start":{"line":20,"column":11},"end":{"line":20,"column":34}},{"start":{"line":20,"column":38},"end":{"line":20,"column":68}}],"line":20}},"s":{"0":2,"1":50,"2":50,"3":8,"4":42,"5":42,"6":11,"7":31,"8":16},"f":{"0":50,"1":16},"b":{"0":[8],"1":[8,42],"2":[11,31],"3":[16,11]},"_coverageSchema":"1a1c01bbd47fc00a2c39e90264f33305004495a9","hash":"55cb55582ab80539f4b86e4f823a6a7cbde18b8c"}
,"/Users/cnc/Desktop/renmission/Collabera/shoppingCart_react_redux/src/redux/reducers/productsReducer.js": {"path":"/Users/cnc/Desktop/renmission/Collabera/shoppingCart_react_redux/src/redux/reducers/productsReducer.js","statementMap":{"0":{"start":{"line":3,"column":36},"end":{"line":3,"column":38}},"1":{"start":{"line":6,"column":2},"end":{"line":12,"column":3}},"2":{"start":{"line":8,"column":6},"end":{"line":8,"column":21}},"3":{"start":{"line":11,"column":6},"end":{"line":11,"column":19}},"4":{"start":{"line":15,"column":39},"end":{"line":24,"column":1}},"5":{"start":{"line":16,"column":2},"end":{"line":23,"column":3}},"6":{"start":{"line":18,"column":6},"end":{"line":18,"column":36}},"7":{"start":{"line":20,"column":6},"end":{"line":20,"column":16}},"8":{"start":{"line":22,"column":6},"end":{"line":22,"column":19}}},"fnMap":{"0":{"name":"(anonymous_0)","decl":{"start":{"line":5,"column":15},"end":{"line":5,"column":16}},"loc":{"start":{"line":5,"column":68},"end":{"line":13,"column":1}},"line":5},"1":{"name":"(anonymous_1)","decl":{"start":{"line":15,"column":39},"end":{"line":15,"column":40}},"loc":{"start":{"line":15,"column":92},"end":{"line":24,"column":1}},"line":15}},"branchMap":{"0":{"loc":{"start":{"line":5,"column":16},"end":{"line":5,"column":44}},"type":"default-arg","locations":[{"start":{"line":5,"column":24},"end":{"line":5,"column":44}}],"line":5},"1":{"loc":{"start":{"line":6,"column":2},"end":{"line":12,"column":3}},"type":"switch","locations":[{"start":{"line":7,"column":4},"end":{"line":8,"column":21}},{"start":{"line":10,"column":4},"end":{"line":11,"column":19}}],"line":6},"2":{"loc":{"start":{"line":15,"column":40},"end":{"line":15,"column":68}},"type":"default-arg","locations":[{"start":{"line":15,"column":48},"end":{"line":15,"column":68}}],"line":15},"3":{"loc":{"start":{"line":16,"column":2},"end":{"line":23,"column":3}},"type":"switch","locations":[{"start":{"line":17,"column":4},"end":{"line":18,"column":36}},{"start":{"line":19,"column":4},"end":{"line":20,"column":16}},{"start":{"line":21,"column":4},"end":{"line":22,"column":19}}],"line":16}},"s":{"0":1,"1":47,"2":7,"3":40,"4":1,"5":47,"6":0,"7":0,"8":47},"f":{"0":47,"1":47},"b":{"0":[7],"1":[7,40],"2":[7],"3":[0,0,47]},"_coverageSchema":"1a1c01bbd47fc00a2c39e90264f33305004495a9","hash":"9b25f7e697a24deb1dd4b9b209cffb8b45a7165b"}
,"/Users/cnc/Desktop/renmission/Collabera/shoppingCart_react_redux/src/redux/reducers/userReducer.js": {"path":"/Users/cnc/Desktop/renmission/Collabera/shoppingCart_react_redux/src/redux/reducers/userReducer.js","statementMap":{"0":{"start":{"line":3,"column":21},"end":{"line":6,"column":1}},"1":{"start":{"line":9,"column":2},"end":{"line":23,"column":3}},"2":{"start":{"line":12,"column":6},"end":{"line":12,"column":61}},"3":{"start":{"line":13,"column":6},"end":{"line":13,"column":38}},"4":{"start":{"line":17,"column":6},"end":{"line":17,"column":27}},"5":{"start":{"line":18,"column":6},"end":{"line":18,"column":26}},"6":{"start":{"line":22,"column":6},"end":{"line":22,"column":19}}},"fnMap":{"0":{"name":"(anonymous_0)","decl":{"start":{"line":8,"column":15},"end":{"line":8,"column":16}},"loc":{"start":{"line":8,"column":60},"end":{"line":24,"column":1}},"line":8}},"branchMap":{"0":{"loc":{"start":{"line":8,"column":16},"end":{"line":8,"column":36}},"type":"default-arg","locations":[{"start":{"line":8,"column":24},"end":{"line":8,"column":36}}],"line":8},"1":{"loc":{"start":{"line":9,"column":2},"end":{"line":23,"column":3}},"type":"switch","locations":[{"start":{"line":10,"column":4},"end":{"line":10,"column":35}},{"start":{"line":11,"column":4},"end":{"line":14,"column":5}},{"start":{"line":16,"column":4},"end":{"line":19,"column":5}},{"start":{"line":21,"column":4},"end":{"line":22,"column":19}}],"line":9}},"s":{"0":1,"1":47,"2":0,"3":0,"4":0,"5":0,"6":47},"f":{"0":47},"b":{"0":[7],"1":[0,0,0,47]},"_coverageSchema":"1a1c01bbd47fc00a2c39e90264f33305004495a9","hash":"6c1c190c37f5fab3b7524882353f0c9f8760e8e5"}
,"/Users/cnc/Desktop/renmission/Collabera/shoppingCart_react_redux/src/redux/sagas/authSaga.js": {"path":"/Users/cnc/Desktop/renmission/Collabera/shoppingCart_react_redux/src/redux/sagas/authSaga.js","statementMap":{"0":{"start":{"line":7,"column":2},"end":{"line":24,"column":3}},"1":{"start":{"line":8,"column":16},"end":{"line":12,"column":6}},"2":{"start":{"line":13,"column":4},"end":{"line":17,"column":7}},"3":{"start":{"line":19,"column":4},"end":{"line":23,"column":7}},"4":{"start":{"line":28,"column":2},"end":{"line":51,"column":3}},"5":{"start":{"line":29,"column":41},"end":{"line":29,"column":48}},"6":{"start":{"line":31,"column":4},"end":{"line":33,"column":5}},"7":{"start":{"line":32,"column":6},"end":{"line":32,"column":49}},"8":{"start":{"line":35,"column":16},"end":{"line":39,"column":6}},"9":{"start":{"line":40,"column":4},"end":{"line":44,"column":7}},"10":{"start":{"line":46,"column":4},"end":{"line":50,"column":7}},"11":{"start":{"line":55,"column":2},"end":{"line":55,"column":64}},"12":{"start":{"line":59,"column":2},"end":{"line":59,"column":53}},"13":{"start":{"line":63,"column":2},"end":{"line":63,"column":59}},"14":{"start":{"line":67,"column":2},"end":{"line":71,"column":5}}},"fnMap":{"0":{"name":"login","decl":{"start":{"line":6,"column":10},"end":{"line":6,"column":15}},"loc":{"start":{"line":6,"column":35},"end":{"line":25,"column":1}},"line":6},"1":{"name":"register","decl":{"start":{"line":27,"column":10},"end":{"line":27,"column":18}},"loc":{"start":{"line":27,"column":38},"end":{"line":52,"column":1}},"line":27},"2":{"name":"loadUserRequest","decl":{"start":{"line":54,"column":10},"end":{"line":54,"column":25}},"loc":{"start":{"line":54,"column":28},"end":{"line":56,"column":1}},"line":54},"3":{"name":"loginRequest","decl":{"start":{"line":58,"column":10},"end":{"line":58,"column":22}},"loc":{"start":{"line":58,"column":25},"end":{"line":60,"column":1}},"line":58},"4":{"name":"registerRequest","decl":{"start":{"line":62,"column":10},"end":{"line":62,"column":25}},"loc":{"start":{"line":62,"column":28},"end":{"line":64,"column":1}},"line":62},"5":{"name":"rootAuthSaga","decl":{"start":{"line":66,"column":25},"end":{"line":66,"column":37}},"loc":{"start":{"line":66,"column":40},"end":{"line":72,"column":1}},"line":66}},"branchMap":{"0":{"loc":{"start":{"line":31,"column":4},"end":{"line":33,"column":5}},"type":"if","locations":[{"start":{"line":31,"column":4},"end":{"line":33,"column":5}},{"start":{},"end":{}}],"line":31}},"s":{"0":0,"1":0,"2":0,"3":0,"4":0,"5":0,"6":0,"7":0,"8":0,"9":0,"10":0,"11":5,"12":5,"13":5,"14":5},"f":{"0":0,"1":0,"2":5,"3":5,"4":5,"5":5},"b":{"0":[0,0]},"_coverageSchema":"1a1c01bbd47fc00a2c39e90264f33305004495a9","hash":"2cdfe02a403fa9b70215d0bf184d0bebe4da4ef3"}
,"/Users/cnc/Desktop/renmission/Collabera/shoppingCart_react_redux/src/redux/sagas/cartSaga.js": {"path":"/Users/cnc/Desktop/renmission/Collabera/shoppingCart_react_redux/src/redux/sagas/cartSaga.js","statementMap":{"0":{"start":{"line":59,"column":2},"end":{"line":59,"column":63}},"1":{"start":{"line":62,"column":2},"end":{"line":62,"column":63}},"2":{"start":{"line":65,"column":2},"end":{"line":65,"column":67}},"3":{"start":{"line":68,"column":2},"end":{"line":68,"column":66}},"4":{"start":{"line":72,"column":2},"end":{"line":77,"column":5}}},"fnMap":{"0":{"name":"loadCartRequest","decl":{"start":{"line":58,"column":10},"end":{"line":58,"column":25}},"loc":{"start":{"line":58,"column":28},"end":{"line":60,"column":1}},"line":58},"1":{"name":"addCartRequest","decl":{"start":{"line":61,"column":10},"end":{"line":61,"column":24}},"loc":{"start":{"line":61,"column":27},"end":{"line":63,"column":1}},"line":61},"2":{"name":"updateCartRequest","decl":{"start":{"line":64,"column":10},"end":{"line":64,"column":27}},"loc":{"start":{"line":64,"column":30},"end":{"line":66,"column":1}},"line":64},"3":{"name":"deleteCartRequest","decl":{"start":{"line":67,"column":10},"end":{"line":67,"column":27}},"loc":{"start":{"line":67,"column":30},"end":{"line":69,"column":1}},"line":67},"4":{"name":"rootCartSaga","decl":{"start":{"line":71,"column":25},"end":{"line":71,"column":37}},"loc":{"start":{"line":71,"column":40},"end":{"line":78,"column":1}},"line":71}},"branchMap":{},"s":{"0":5,"1":5,"2":5,"3":5,"4":5},"f":{"0":5,"1":5,"2":5,"3":5,"4":5},"b":{},"_coverageSchema":"1a1c01bbd47fc00a2c39e90264f33305004495a9","hash":"489b7dc0e36f9423e0d8fece8f8b20616c75dfae"}
,"/Users/cnc/Desktop/renmission/Collabera/shoppingCart_react_redux/src/redux/sagas/productSaga.js": {"path":"/Users/cnc/Desktop/renmission/Collabera/shoppingCart_react_redux/src/redux/sagas/productSaga.js","statementMap":{"0":{"start":{"line":20,"column":4},"end":{"line":20,"column":70}},"1":{"start":{"line":24,"column":4},"end":{"line":24,"column":78}},"2":{"start":{"line":28,"column":4},"end":{"line":28,"column":76}}},"fnMap":{"0":{"name":"loadProductsRequest","decl":{"start":{"line":19,"column":10},"end":{"line":19,"column":29}},"loc":{"start":{"line":19,"column":32},"end":{"line":21,"column":1}},"line":19},"1":{"name":"loadSelectedProductRequest","decl":{"start":{"line":23,"column":10},"end":{"line":23,"column":36}},"loc":{"start":{"line":23,"column":39},"end":{"line":25,"column":1}},"line":23},"2":{"name":"rootProductSaga","decl":{"start":{"line":27,"column":25},"end":{"line":27,"column":40}},"loc":{"start":{"line":27,"column":43},"end":{"line":29,"column":1}},"line":27}},"branchMap":{},"s":{"0":5,"1":5,"2":5},"f":{"0":5,"1":5,"2":5},"b":{},"_coverageSchema":"1a1c01bbd47fc00a2c39e90264f33305004495a9","hash":"fc7415baebf45a2e5797f6dc825df67c6885f916"}
,"/Users/cnc/Desktop/renmission/Collabera/shoppingCart_react_redux/src/redux/sagas/rootSaga.js": {"path":"/Users/cnc/Desktop/renmission/Collabera/shoppingCart_react_redux/src/redux/sagas/rootSaga.js","statementMap":{"0":{"start":{"line":7,"column":2},"end":{"line":7,"column":65}}},"fnMap":{"0":{"name":"rootSaga","decl":{"start":{"line":6,"column":25},"end":{"line":6,"column":33}},"loc":{"start":{"line":6,"column":36},"end":{"line":8,"column":1}},"line":6}},"branchMap":{},"s":{"0":5},"f":{"0":5},"b":{},"_coverageSchema":"1a1c01bbd47fc00a2c39e90264f33305004495a9","hash":"31faafcd388af3fb62ef73cfe2b43c62451099bc"}
,"/Users/cnc/Desktop/renmission/Collabera/shoppingCart_react_redux/src/utils/ApiRequest.js": {"path":"/Users/cnc/Desktop/renmission/Collabera/shoppingCart_react_redux/src/utils/ApiRequest.js","statementMap":{"0":{"start":{"line":4,"column":2},"end":{"line":34,"column":3}},"1":{"start":{"line":5,"column":4},"end":{"line":8,"column":7}},"2":{"start":{"line":9,"column":16},"end":{"line":9,"column":44}},"3":{"start":{"line":10,"column":4},"end":{"line":14,"column":7}},"4":{"start":{"line":16,"column":4},"end":{"line":20,"column":7}}},"fnMap":{"0":{"name":"(anonymous_0)","decl":{"start":{"line":3,"column":15},"end":{"line":3,"column":16}},"loc":{"start":{"line":3,"column":60},"end":{"line":35,"column":1}},"line":3}},"branchMap":{"0":{"loc":{"start":{"line":12,"column":15},"end":{"line":12,"column":63}},"type":"cond-expr","locations":[{"start":{"line":12,"column":45},"end":{"line":12,"column":57}},{"start":{"line":12,"column":60},"end":{"line":12,"column":63}}],"line":12}},"s":{"0":0,"1":0,"2":0,"3":0,"4":0},"f":{"0":0},"b":{"0":[0,0]},"_coverageSchema":"1a1c01bbd47fc00a2c39e90264f33305004495a9","hash":"04c8274de7322d2df94e934b58e62717a40af911"}
,"/Users/cnc/Desktop/renmission/Collabera/shoppingCart_react_redux/src/utils/apiGenerator.js": {"path":"/Users/cnc/Desktop/renmission/Collabera/shoppingCart_react_redux/src/utils/apiGenerator.js","statementMap":{"0":{"start":{"line":5,"column":16},"end":{"line":5,"column":43}},"1":{"start":{"line":6,"column":25},"end":{"line":6,"column":30}},"2":{"start":{"line":7,"column":2},"end":{"line":17,"column":3}},"3":{"start":{"line":8,"column":16},"end":{"line":8,"column":50}},"4":{"start":{"line":9,"column":4},"end":{"line":13,"column":7}},"5":{"start":{"line":15,"column":4},"end":{"line":15,"column":44}},"6":{"start":{"line":16,"column":4},"end":{"line":16,"column":68}}},"fnMap":{"0":{"name":"apiGenerator","decl":{"start":{"line":4,"column":10},"end":{"line":4,"column":22}},"loc":{"start":{"line":4,"column":48},"end":{"line":18,"column":1}},"line":4}},"branchMap":{"0":{"loc":{"start":{"line":11,"column":15},"end":{"line":11,"column":64}},"type":"cond-expr","locations":[{"start":{"line":11,"column":46},"end":{"line":11,"column":58}},{"start":{"line":11,"column":61},"end":{"line":11,"column":64}}],"line":11}},"s":{"0":30,"1":30,"2":30,"3":30,"4":14,"5":16,"6":16},"f":{"0":30},"b":{"0":[0,14]},"_coverageSchema":"1a1c01bbd47fc00a2c39e90264f33305004495a9","hash":"36f4d4be854db43a85fec4467a78d936ca6d123c"}
,"/Users/cnc/Desktop/renmission/Collabera/shoppingCart_react_redux/src/utils/axiosInstance.jsx": {"path":"/Users/cnc/Desktop/renmission/Collabera/shoppingCart_react_redux/src/utils/axiosInstance.jsx","statementMap":{"0":{"start":{"line":3,"column":22},"end":{"line":7,"column":2}},"1":{"start":{"line":9,"column":0},"end":{"line":20,"column":2}},"2":{"start":{"line":11,"column":26},"end":{"line":11,"column":39}},"3":{"start":{"line":12,"column":18},"end":{"line":12,"column":47}},"4":{"start":{"line":13,"column":4},"end":{"line":16,"column":5}},"5":{"start":{"line":14,"column":24},"end":{"line":14,"column":41}},"6":{"start":{"line":15,"column":6},"end":{"line":15,"column":78}},"7":{"start":{"line":17,"column":4},"end":{"line":17,"column":25}},"8":{"start":{"line":19,"column":11},"end":{"line":19,"column":32}},"9":{"start":{"line":22,"column":0},"end":{"line":30,"column":2}},"10":{"start":{"line":23,"column":14},"end":{"line":23,"column":27}},"11":{"start":{"line":25,"column":4},"end":{"line":27,"column":5}},"12":{"start":{"line":26,"column":6},"end":{"line":26,"column":60}},"13":{"start":{"line":28,"column":4},"end":{"line":28,"column":33}}},"fnMap":{"0":{"name":"(anonymous_0)","decl":{"start":{"line":10,"column":2},"end":{"line":10,"column":3}},"loc":{"start":{"line":10,"column":12},"end":{"line":18,"column":3}},"line":10},"1":{"name":"(anonymous_1)","decl":{"start":{"line":19,"column":2},"end":{"line":19,"column":3}},"loc":{"start":{"line":19,"column":11},"end":{"line":19,"column":32}},"line":19},"2":{"name":"(anonymous_2)","decl":{"start":{"line":23,"column":2},"end":{"line":23,"column":3}},"loc":{"start":{"line":23,"column":14},"end":{"line":23,"column":27}},"line":23},"3":{"name":"(anonymous_3)","decl":{"start":{"line":24,"column":2},"end":{"line":24,"column":3}},"loc":{"start":{"line":24,"column":11},"end":{"line":29,"column":3}},"line":24}},"branchMap":{"0":{"loc":{"start":{"line":13,"column":4},"end":{"line":16,"column":5}},"type":"if","locations":[{"start":{"line":13,"column":4},"end":{"line":16,"column":5}},{"start":{},"end":{}}],"line":13},"1":{"loc":{"start":{"line":25,"column":4},"end":{"line":27,"column":5}},"type":"if","locations":[{"start":{"line":25,"column":4},"end":{"line":27,"column":5}},{"start":{},"end":{}}],"line":25}},"s":{"0":1,"1":1,"2":30,"3":30,"4":30,"5":0,"6":0,"7":30,"8":0,"9":1,"10":14,"11":16,"12":0,"13":16},"f":{"0":30,"1":0,"2":14,"3":16},"b":{"0":[0,30],"1":[0,16]},"_coverageSchema":"1a1c01bbd47fc00a2c39e90264f33305004495a9","hash":"48613abd0538c1c718fcd873fc515615dc25aa81"}
,"/Users/cnc/Desktop/renmission/Collabera/shoppingCart_react_redux/src/utils/currencyFormatter.js": {"path":"/Users/cnc/Desktop/renmission/Collabera/shoppingCart_react_redux/src/utils/currencyFormatter.js","statementMap":{"0":{"start":{"line":1,"column":26},"end":{"line":5,"column":18}},"1":{"start":{"line":2,"column":2},"end":{"line":5,"column":18}}},"fnMap":{"0":{"name":"(anonymous_0)","decl":{"start":{"line":1,"column":26},"end":{"line":1,"column":27}},"loc":{"start":{"line":2,"column":2},"end":{"line":5,"column":18}},"line":2}},"branchMap":{},"s":{"0":2,"1":22},"f":{"0":22},"b":{},"_coverageSchema":"1a1c01bbd47fc00a2c39e90264f33305004495a9","hash":"28010fea47d662c92f716e1c6d09cb40a192da56"}
,"/Users/cnc/Desktop/renmission/Collabera/shoppingCart_react_redux/src/utils/test-utils.jsx": {"path":"/Users/cnc/Desktop/renmission/Collabera/shoppingCart_react_redux/src/utils/test-utils.jsx","statementMap":{"0":{"start":{"line":10,"column":16},"end":{"line":10,"column":32}},"1":{"start":{"line":12,"column":4},"end":{"line":12,"column":57}},"2":{"start":{"line":16,"column":2},"end":{"line":18,"column":4}},"3":{"start":{"line":22,"column":2},"end":{"line":22,"column":56}}},"fnMap":{"0":{"name":"renderWithProviders","decl":{"start":{"line":9,"column":9},"end":{"line":9,"column":28}},"loc":{"start":{"line":9,"column":33},"end":{"line":23,"column":1}},"line":9},"1":{"name":"Wrapper","decl":{"start":{"line":11,"column":11},"end":{"line":11,"column":18}},"loc":{"start":{"line":11,"column":33},"end":{"line":13,"column":3}},"line":11}},"branchMap":{},"s":{"0":5,"1":5,"2":5,"3":5},"f":{"0":5,"1":5},"b":{},"_coverageSchema":"1a1c01bbd47fc00a2c39e90264f33305004495a9","hash":"a6b6aec2f4a574163c6d7c42e09d7f53d251febd"}
}
