TN:
SF:src/components/Buttons/buttons.jsx
FN:4,Buttons
FN:20,(anonymous_1)
FN:36,(anonymous_2)
FN:55,(anonymous_3)
FNF:4
FNH:0
FNDA:0,Buttons
FNDA:0,(anonymous_1)
FNDA:0,(anonymous_2)
FNDA:0,(anonymous_3)
DA:12,0
DA:21,0
DA:37,0
DA:38,0
DA:40,0
DA:56,0
DA:69,2
DA:91,2
LF:8
LH:2
BRDA:14,0,0,0
BRDA:14,0,1,0
BRDA:37,1,0,0
BRDA:37,1,1,0
BRF:4
BRH:0
end_of_record
TN:
SF:src/components/Buttons/index.js
FN:10,(anonymous_0)
FN:11,(anonymous_1)
FN:12,(anonymous_2)
FN:15,(anonymous_3)
FN:16,(anonymous_4)
FN:28,(anonymous_5)
FN:40,(anonymous_6)
FNF:7
FNH:0
FNDA:0,(anonymous_0)
FNDA:0,(anonymous_1)
FNDA:0,(anonymous_2)
FNDA:0,(anonymous_3)
FNDA:0,(anonymous_4)
FNDA:0,(anonymous_5)
FNDA:0,(anonymous_6)
DA:10,2
DA:11,0
DA:12,0
DA:15,2
DA:17,0
DA:29,0
DA:41,0
LF:7
LH:2
BRF:0
BRH:0
end_of_record
TN:
SF:src/components/Product/index.jsx
FN:11,(anonymous_0)
FN:12,(anonymous_1)
FN:13,(anonymous_2)
FN:16,(anonymous_3)
FN:17,(anonymous_4)
FN:29,(anonymous_5)
FN:41,(anonymous_6)
FNF:7
FNH:3
FNDA:4,(anonymous_0)
FNDA:4,(anonymous_1)
FNDA:0,(anonymous_2)
FNDA:4,(anonymous_3)
FNDA:0,(anonymous_4)
FNDA:0,(anonymous_5)
FNDA:0,(anonymous_6)
DA:11,4
DA:12,4
DA:13,0
DA:16,4
DA:18,0
DA:30,0
DA:42,0
LF:7
LH:3
BRF:0
BRH:0
end_of_record
TN:
SF:src/components/Product/products.jsx
FN:8,Product
FN:55,(anonymous_1)
FN:71,(anonymous_2)
FN:90,(anonymous_3)
FNF:4
FNH:1
FNDA:22,Product
FNDA:0,(anonymous_1)
FNDA:0,(anonymous_2)
FNDA:0,(anonymous_3)
DA:18,22
DA:56,0
DA:72,0
DA:73,0
DA:75,0
DA:91,0
DA:107,2
DA:129,2
LF:8
LH:3
BRDA:49,0,0,4
BRDA:49,0,1,18
BRDA:72,1,0,0
BRDA:72,1,1,0
BRF:4
BRH:2
end_of_record
TN:
SF:src/components/Product/ProductDetails/productDetail.jsx
FN:11,ProductDetail
FN:18,(anonymous_1)
FN:22,(anonymous_2)
FN:33,(anonymous_3)
FN:35,(anonymous_4)
FN:77,(anonymous_5)
FN:93,(anonymous_6)
FN:112,(anonymous_7)
FNF:8
FNH:0
FNDA:0,ProductDetail
FNDA:0,(anonymous_1)
FNDA:0,(anonymous_2)
FNDA:0,(anonymous_3)
FNDA:0,(anonymous_4)
FNDA:0,(anonymous_5)
FNDA:0,(anonymous_6)
FNDA:0,(anonymous_7)
DA:18,0
DA:19,0
DA:20,0
DA:22,0
DA:23,0
DA:24,0
DA:25,0
DA:27,0
DA:33,0
DA:34,0
DA:35,0
DA:36,0
DA:40,0
DA:78,0
DA:94,0
DA:95,0
DA:97,0
DA:113,0
DA:129,1
DA:151,1
LF:20
LH:2
BRDA:34,0,0,0
BRDA:34,0,1,0
BRDA:34,1,0,0
BRDA:34,1,1,0
BRDA:71,2,0,0
BRDA:71,2,1,0
BRDA:94,3,0,0
BRDA:94,3,1,0
BRF:8
BRH:0
end_of_record
TN:
SF:src/components/Reviews/index.jsx
FN:6,Reviews
FN:12,(anonymous_1)
FNF:2
FNH:2
FNDA:22,Reviews
FNDA:110,(anonymous_1)
DA:7,22
DA:13,110
DA:34,2
LF:3
LH:3
BRF:0
BRH:0
end_of_record
TN:
SF:src/pages/Dashboard/home.jsx
FN:5,Home
FN:6,(anonymous_1)
FN:10,(anonymous_2)
FN:24,(anonymous_3)
FNF:4
FNH:4
FNDA:17,Home
FNDA:5,(anonymous_1)
FNDA:5,(anonymous_2)
FNDA:4,(anonymous_3)
DA:6,17
DA:7,5
DA:10,17
DA:11,5
DA:14,17
DA:15,5
DA:18,12
DA:19,3
DA:22,9
DA:25,4
DA:31,1
LF:11
LH:11
BRDA:14,0,0,5
BRDA:14,0,1,12
BRDA:18,1,0,3
BRDA:18,1,1,9
BRF:4
BRH:4
end_of_record
TN:
SF:src/pages/Dashboard/index.jsx
FN:7,(anonymous_0)
FN:10,(anonymous_1)
FN:13,(anonymous_2)
FN:17,(anonymous_3)
FN:22,(anonymous_4)
FN:33,(anonymous_5)
FNF:6
FNH:6
FNDA:20,(anonymous_0)
FNDA:10,(anonymous_1)
FNDA:6,(anonymous_2)
FNDA:5,(anonymous_3)
FNDA:5,(anonymous_4)
FNDA:5,(anonymous_5)
DA:7,20
DA:10,10
DA:13,6
DA:17,5
DA:23,5
DA:34,5
LF:6
LH:6
BRDA:10,0,0,10
BRDA:10,0,1,5
BRDA:13,1,0,6
BRDA:13,1,1,0
BRF:4
BRH:3
end_of_record
TN:
SF:src/redux/store.js
FN:12,(anonymous_0)
FNF:1
FNH:1
FNDA:5,(anonymous_0)
DA:8,1
DA:10,1
DA:12,1
DA:13,5
DA:15,5
DA:17,5
DA:19,5
DA:21,5
LF:8
LH:8
BRDA:8,0,0,1
BRDA:8,0,1,1
BRF:2
BRH:2
end_of_record
TN:
SF:src/redux/actions/productActions.js
FN:4,(anonymous_0)
FN:4,(anonymous_1)
FN:17,(anonymous_2)
FN:17,(anonymous_3)
FN:30,(anonymous_4)
FNF:5
FNH:0
FNDA:0,(anonymous_0)
FNDA:0,(anonymous_1)
FNDA:0,(anonymous_2)
FNDA:0,(anonymous_3)
FNDA:0,(anonymous_4)
DA:4,1
DA:5,0
DA:6,0
DA:17,1
DA:18,0
DA:19,0
DA:30,1
DA:31,0
LF:8
LH:3
BRF:0
BRH:0
end_of_record
TN:
SF:src/redux/constants/action-types.js
FNF:0
FNH:0
DA:1,3
LF:1
LH:1
BRF:0
BRH:0
end_of_record
TN:
SF:src/redux/middlewares/errorMiddleware.js
FN:3,(anonymous_0)
FN:3,(anonymous_1)
FN:3,(anonymous_2)
FN:14,(anonymous_3)
FNF:4
FNH:4
FNDA:5,(anonymous_0)
FNDA:5,(anonymous_1)
FNDA:40,(anonymous_2)
FNDA:48,(anonymous_3)
DA:3,5
DA:4,40
DA:5,40
DA:6,40
DA:7,16
DA:15,48
DA:16,16
DA:18,32
DA:24,24
LF:9
LH:9
BRDA:6,0,0,16
BRDA:6,0,1,24
BRDA:15,1,0,16
BRDA:15,1,1,32
BRF:4
BRH:4
end_of_record
TN:
SF:src/redux/middlewares/loggerMiddleware.js
FN:1,(anonymous_0)
FN:1,(anonymous_1)
FN:1,(anonymous_2)
FNF:3
FNH:3
FNDA:5,(anonymous_0)
FNDA:5,(anonymous_1)
FNDA:40,(anonymous_2)
DA:1,5
DA:2,40
DA:3,40
DA:4,40
DA:5,40
LF:5
LH:5
BRF:0
BRH:0
end_of_record
TN:
SF:src/redux/reducers/cartReducer.js
FN:5,(anonymous_0)
FN:14,(anonymous_1)
FN:19,(anonymous_2)
FNF:3
FNH:3
FNDA:53,(anonymous_0)
FNDA:2,(anonymous_1)
FNDA:2,(anonymous_2)
DA:3,2
DA:6,53
DA:8,8
DA:11,1
DA:14,2
DA:15,1
DA:19,2
DA:20,1
DA:24,42
LF:9
LH:9
BRDA:5,0,0,8
BRDA:6,1,0,8
BRDA:6,1,1,1
BRDA:6,1,2,1
BRDA:6,1,3,1
BRDA:6,1,4,42
BRF:6
BRH:6
end_of_record
TN:
SF:src/redux/reducers/errorReducer.js
FN:3,(anonymous_0)
FN:20,(anonymous_1)
FNF:2
FNH:1
FNDA:47,(anonymous_0)
FNDA:0,(anonymous_1)
DA:1,1
DA:4,47
DA:6,47
DA:8,26
DA:9,26
DA:10,16
DA:19,10
DA:20,0
LF:8
LH:7
BRDA:3,0,0,7
BRDA:6,1,0,21
BRDA:6,1,1,26
BRDA:9,2,0,16
BRDA:9,2,1,10
BRDA:20,3,0,0
BRDA:20,3,1,0
BRF:7
BRH:5
end_of_record
TN:
SF:src/redux/reducers/index.js
FNF:0
FNH:0
LF:0
LH:0
BRF:0
BRH:0
end_of_record
TN:
SF:src/redux/reducers/loadingReducer.js
FN:3,(anonymous_0)
FN:20,(anonymous_1)
FNF:2
FNH:2
FNDA:50,(anonymous_0)
FNDA:16,(anonymous_1)
DA:1,2
DA:4,50
DA:6,50
DA:8,42
DA:9,42
DA:10,11
DA:19,31
DA:20,16
LF:8
LH:8
BRDA:3,0,0,8
BRDA:6,1,0,8
BRDA:6,1,1,42
BRDA:9,2,0,11
BRDA:9,2,1,31
BRDA:20,3,0,16
BRDA:20,3,1,11
BRF:7
BRH:7
end_of_record
TN:
SF:src/redux/reducers/productsReducer.js
FN:5,(anonymous_0)
FN:15,(anonymous_1)
FNF:2
FNH:2
FNDA:47,(anonymous_0)
FNDA:47,(anonymous_1)
DA:3,1
DA:6,47
DA:8,7
DA:11,40
DA:15,1
DA:16,47
DA:18,0
DA:20,0
DA:22,47
LF:9
LH:7
BRDA:5,0,0,7
BRDA:6,1,0,7
BRDA:6,1,1,40
BRDA:15,2,0,7
BRDA:16,3,0,0
BRDA:16,3,1,0
BRDA:16,3,2,47
BRF:7
BRH:5
end_of_record
TN:
SF:src/redux/reducers/userReducer.js
FN:8,(anonymous_0)
FNF:1
FNH:1
FNDA:47,(anonymous_0)
DA:3,1
DA:9,47
DA:12,0
DA:13,0
DA:17,0
DA:18,0
DA:22,47
LF:7
LH:3
BRDA:8,0,0,7
BRDA:9,1,0,0
BRDA:9,1,1,0
BRDA:9,1,2,0
BRDA:9,1,3,47
BRF:5
BRH:2
end_of_record
TN:
SF:src/redux/sagas/authSaga.js
FN:6,login
FN:27,register
FN:54,loadUserRequest
FN:58,loginRequest
FN:62,registerRequest
FN:66,rootAuthSaga
FNF:6
FNH:4
FNDA:0,login
FNDA:0,register
FNDA:5,loadUserRequest
FNDA:5,loginRequest
FNDA:5,registerRequest
FNDA:5,rootAuthSaga
DA:7,0
DA:8,0
DA:13,0
DA:19,0
DA:28,0
DA:29,0
DA:31,0
DA:32,0
DA:35,0
DA:40,0
DA:46,0
DA:55,5
DA:59,5
DA:63,5
DA:67,5
LF:15
LH:4
BRDA:31,0,0,0
BRDA:31,0,1,0
BRF:2
BRH:0
end_of_record
TN:
SF:src/redux/sagas/cartSaga.js
FN:58,loadCartRequest
FN:61,addCartRequest
FN:64,updateCartRequest
FN:67,deleteCartRequest
FN:71,rootCartSaga
FNF:5
FNH:5
FNDA:5,loadCartRequest
FNDA:5,addCartRequest
FNDA:5,updateCartRequest
FNDA:5,deleteCartRequest
FNDA:5,rootCartSaga
DA:59,5
DA:62,5
DA:65,5
DA:68,5
DA:72,5
LF:5
LH:5
BRF:0
BRH:0
end_of_record
TN:
SF:src/redux/sagas/productSaga.js
FN:19,loadProductsRequest
FN:23,loadSelectedProductRequest
FN:27,rootProductSaga
FNF:3
FNH:3
FNDA:5,loadProductsRequest
FNDA:5,loadSelectedProductRequest
FNDA:5,rootProductSaga
DA:20,5
DA:24,5
DA:28,5
LF:3
LH:3
BRF:0
BRH:0
end_of_record
TN:
SF:src/redux/sagas/rootSaga.js
FN:6,rootSaga
FNF:1
FNH:1
FNDA:5,rootSaga
DA:7,5
LF:1
LH:1
BRF:0
BRH:0
end_of_record
TN:
SF:src/utils/ApiRequest.js
FN:3,(anonymous_0)
FNF:1
FNH:0
FNDA:0,(anonymous_0)
DA:4,0
DA:5,0
DA:9,0
DA:10,0
DA:16,0
LF:5
LH:0
BRDA:12,0,0,0
BRDA:12,0,1,0
BRF:2
BRH:0
end_of_record
TN:
SF:src/utils/apiGenerator.js
FN:4,apiGenerator
FNF:1
FNH:1
FNDA:30,apiGenerator
DA:5,30
DA:6,30
DA:7,30
DA:8,30
DA:9,14
DA:15,16
DA:16,16
LF:7
LH:7
BRDA:11,0,0,0
BRDA:11,0,1,14
BRF:2
BRH:1
end_of_record
TN:
SF:src/utils/axiosInstance.jsx
FN:10,(anonymous_0)
FN:19,(anonymous_1)
FN:23,(anonymous_2)
FN:24,(anonymous_3)
FNF:4
FNH:3
FNDA:30,(anonymous_0)
FNDA:0,(anonymous_1)
FNDA:14,(anonymous_2)
FNDA:16,(anonymous_3)
DA:3,1
DA:9,1
DA:11,30
DA:12,30
DA:13,30
DA:14,0
DA:15,0
DA:17,30
DA:19,0
DA:22,1
DA:23,14
DA:25,16
DA:26,0
DA:28,16
LF:14
LH:10
BRDA:13,0,0,0
BRDA:13,0,1,30
BRDA:25,1,0,0
BRDA:25,1,1,16
BRF:4
BRH:2
end_of_record
TN:
SF:src/utils/currencyFormatter.js
FN:1,(anonymous_0)
FNF:1
FNH:1
FNDA:22,(anonymous_0)
DA:1,2
DA:2,22
LF:2
LH:2
BRF:0
BRH:0
end_of_record
TN:
SF:src/utils/test-utils.jsx
FN:9,renderWithProviders
FN:11,Wrapper
FNF:2
FNH:2
FNDA:5,renderWithProviders
FNDA:5,Wrapper
DA:10,5
DA:12,5
DA:16,5
DA:22,5
LF:4
LH:4
BRF:0
BRH:0
end_of_record
